<?xml version="1.0" encoding="UTF-8"?>
<testsuite xmlns:xsi="http://www.w3.org/2001/XMLSchema-instance" xsi:schemaLocation="https://maven.apache.org/surefire/maven-surefire-plugin/xsd/surefire-test-report.xsd" name="TestSuite" time="28.308" tests="5" errors="0" skipped="0" failures="1">
  <properties>
    <property name="JOB_NAME" value="automation"/>
    <property name="java.vendor" value="Oracle Corporation"/>
    <property name="PWD" value="/Users/lpg/Documents/Jenkins"/>
    <property name="sun.java.launcher" value="SUN_STANDARD"/>
    <property name="RUN_TESTS_DISPLAY_URL" value="http://localhost:8080/job/automation/1/display/redirect?page=tests"/>
    <property name="sun.management.compiler" value="HotSpot 64-Bit Tiered Compilers"/>
    <property name="JENKINS_HOME" value="/Users/lpg/.jenkins"/>
    <property name="PATH" value="/Library/Java/JavaVirtualMachines/jdk-20.jdk/Contents/Home/bin:/Library/Frameworks/Python.framework/Versions/3.10/bin:/usr/local/bin:/usr/bin:/bin:/usr/sbin:/sbin"/>
    <property name="HUDSON_SERVER_COOKIE" value="db2b25739737fdf9"/>
    <property name="os.name" value="Mac OS X"/>
    <property name="TERM_PROGRAM" value="Apple_Terminal"/>
    <property name="EXECUTOR_NUMBER" value="0"/>
    <property name="TERM_SESSION_ID" value="6B920581-4201-40DD-BEAC-81719B705299"/>
    <property name="java.vm.specification.vendor" value="Oracle Corporation"/>
    <property name="NODE_LABELS" value="built-in"/>
    <property name="java.runtime.version" value="20.0.2+9-78"/>
    <property name="user.name" value="lpg"/>
    <property name="guice.disable.misplaced.annotation.check" value="true"/>
    <property name="LaunchInstanceID" value="076FBE41-4205-42E4-86E4-12399AA6EBF6"/>
    <property name="SECURITYSESSIONID" value="186aa"/>
    <property name="stdout.encoding" value="UTF-8"/>
    <property name="user.language" value="en"/>
    <property name="JOB_BASE_NAME" value="automation"/>
    <property name="RUN_CHANGES_DISPLAY_URL" value="http://localhost:8080/job/automation/1/display/redirect?page=changes"/>
    <property name="BUILD_DISPLAY_NAME" value="#1"/>
    <property name="TMPDIR" value="/var/folders/5v/nv7fccd555ncth2312dww5bh0000gn/T/"/>
    <property name="sun.boot.library.path" value="/Library/Java/JavaVirtualMachines/jdk-20.jdk/Contents/Home/lib"/>
    <property name="java.vm.compressedOopsMode" value="Zero based"/>
    <property name="java.version" value="20.0.2"/>
    <property name="XPC_FLAGS" value="0x0"/>
    <property name="user.timezone" value="America/Chicago"/>
    <property name="sun.arch.data.model" value="64"/>
    <property name="NODE_NAME" value="built-in"/>
    <property name="TERM" value="xterm-256color"/>
    <property name="http.nonProxyHosts" value="local|*.local|169.254/16|*.169.254/16"/>
    <property name="BUILD_ID" value="1"/>
    <property name="sun.jnu.encoding" value="UTF-8"/>
    <property name="SHELL" value="/bin/zsh"/>
    <property name="file.separator" value="/"/>
    <property name="java.specification.name" value="Java Platform API Specification"/>
    <property name="maven.conf" value="/Users/lpg/Downloads/apache-maven-3.9.4/conf"/>
    <property name="java.class.version" value="64.0"/>
    <property name="org.slf4j.simpleLogger.defaultLogLevel" value="info"/>
    <property name="user.country" value="IN"/>
    <property name="java.home" value="/Library/Java/JavaVirtualMachines/jdk-20.jdk/Contents/Home"/>
    <property name="java.vm.info" value="mixed mode, sharing"/>
    <property name="os.version" value="11.7.9"/>
    <property name="RUN_DISPLAY_URL" value="http://localhost:8080/job/automation/1/display/redirect"/>
    <property name="path.separator" value=":"/>
    <property name="RUN_ARTIFACTS_DISPLAY_URL" value="http://localhost:8080/job/automation/1/display/redirect?page=artifacts"/>
    <property name="java.vm.version" value="20.0.2+9-78"/>
    <property name="stderr.encoding" value="UTF-8"/>
    <property name="JOB_DISPLAY_URL" value="http://localhost:8080/job/automation/display/redirect"/>
    <property name="SHLVL" value="1"/>
    <property name="_" value="/usr/bin/java"/>
    <property name="JAVA_HOME" value="/Library/Java/JavaVirtualMachines/jdk-20.jdk/Contents/Home"/>
    <property name="sun.io.unicode.encoding" value="UnicodeBig"/>
    <property name="LOGNAME" value="lpg"/>
    <property name="socksNonProxyHosts" value="local|*.local|169.254/16|*.169.254/16"/>
    <property name="HOME" value="/Users/lpg"/>
    <property name="ftp.nonProxyHosts" value="local|*.local|169.254/16|*.169.254/16"/>
    <property name="user.home" value="/Users/lpg"/>
    <property name="BUILD_TAG" value="jenkins-automation-1"/>
    <property name="JENKINS_SERVER_COOKIE" value="db2b25739737fdf9"/>
    <property name="XPC_SERVICE_NAME" value="0"/>
    <property name="HUDSON_URL" value="http://localhost:8080/"/>
    <property name="java.version.date" value="2023-07-18"/>
    <property name="java.specification.vendor" value="Oracle Corporation"/>
    <property name="CLASSPATH" value=""/>
    <property name="java.library.path" value="/Users/lpg/Library/Java/Extensions:/Library/Java/Extensions:/Network/Library/Java/Extensions:/System/Library/Java/Extensions:/usr/lib/java:."/>
    <property name="java.vendor.url" value="https://java.oracle.com/"/>
    <property name="java.vm.vendor" value="Oracle Corporation"/>
    <property name="java.runtime.name" value="Java(TM) SE Runtime Environment"/>
    <property name="maven.home" value="/Users/lpg/Downloads/apache-maven-3.9.4"/>
    <property name="sun.java.command" value="jenkins.maven3.agent.Maven35Main /Users/lpg/Downloads/apache-maven-3.9.4 /Users/lpg/.jenkins/war/WEB-INF/lib/remoting-3192.v713e3b_039fb_e.jar /Users/lpg/.jenkins/plugins/maven-plugin/WEB-INF/lib/maven35-interceptor-1.14.jar /Users/lpg/.jenkins/plugins/maven-plugin/WEB-INF/lib/maven3-interceptor-commons-1.14.jar 54485"/>
    <property name="java.class.path" value="/Users/lpg/.jenkins/plugins/maven-plugin/WEB-INF/lib/maven35-agent-1.14.jar:/Users/lpg/Downloads/apache-maven-3.9.4/boot/plexus-classworlds-2.7.0.jar:/Users/lpg/Downloads/apache-maven-3.9.4/conf/logging"/>
    <property name="native.encoding" value="UTF-8"/>
    <property name="jdk.debug" value="release"/>
    <property name="java.vm.specification.name" value="Java Virtual Machine Specification"/>
    <property name="jansi.mode" value="strip"/>
    <property name="PATH+JDK" value="/Library/Java/JavaVirtualMachines/jdk-20.jdk/Contents/Home/bin"/>
    <property name="java.vm.specification.version" value="20"/>
    <property name="M2_HOME" value="/Users/lpg/Downloads/apache-maven-3.9.4"/>
    <property name="sun.cpu.endian" value="little"/>
    <property name="CI" value="true"/>
    <property name="java.io.tmpdir" value="/var/folders/5v/nv7fccd555ncth2312dww5bh0000gn/T/"/>
    <property name="HUDSON_HOME" value="/Users/lpg/.jenkins"/>
    <property name="PATH+MAVEN" value="/Users/lpg/Downloads/apache-maven-3.9.4/bin"/>
    <property name="java.vendor.url.bug" value="https://bugreport.java.com/bugreport/"/>
    <property name="OLDPWD" value="/Users/lpg/Documents/Jenkins"/>
    <property name="BUILD_URL" value="http://localhost:8080/job/automation/1/"/>
    <property name="SSH_AUTH_SOCK" value="/private/tmp/com.apple.launchd.dccoLpkk61/Listeners"/>
    <property name="os.arch" value="x86_64"/>
    <property name="__CF_USER_TEXT_ENCODING" value="0x1F5:0x0:0x0"/>
    <property name="user.dir" value="/Users/lpg/eclipse-practice-workspace/TestNGFrameworkSalesforce"/>
    <property name="JOB_URL" value="http://localhost:8080/job/automation/"/>
    <property name="apple.awt.application.name" value="Maven35Main"/>
    <property name="MAVEN_HOME" value="/Users/lpg/Downloads/apache-maven-3.9.4"/>
    <property name="line.separator" value="&#10;"/>
    <property name="java.vm.name" value="Java HotSpot(TM) 64-Bit Server VM"/>
    <property name="BUILD_NUMBER" value="1"/>
    <property name="TERM_PROGRAM_VERSION" value="440"/>
    <property name="JENKINS_URL" value="http://localhost:8080/"/>
    <property name="__CFBundleIdentifier" value="com.apple.Terminal"/>
    <property name="LANG" value="en_US.UTF-8"/>
    <property name="file.encoding" value="UTF-8"/>
    <property name="maven3.interceptor" value="/Users/lpg/.jenkins/plugins/maven-plugin/WEB-INF/lib/maven35-interceptor-1.14.jar"/>
    <property name="WORKSPACE_TMP" value="/Users/lpg/.jenkins/workspace/automation@tmp"/>
    <property name="WORKSPACE" value="/Users/lpg/.jenkins/workspace/automation"/>
    <property name="maven3.interceptor.common" value="/Users/lpg/.jenkins/plugins/maven-plugin/WEB-INF/lib/maven3-interceptor-commons-1.14.jar"/>
    <property name="java.specification.version" value="20"/>
    <property name="USER" value="lpg"/>
  </properties>
  <testcase name="loginerrormsg" classname="com.testng.tests.SalesforceLoginTest" time="1.408"/>
  <testcase name="loginvalid" classname="com.testng.tests.SalesforceLoginTest" time="2.949"/>
  <testcase name="loginByrememberme" classname="com.testng.tests.SalesforceLoginTest" time="2.421"/>
  <testcase name="loginByForgotPassword" classname="com.testng.tests.SalesforceLoginTest" time="2.713"/>
  <testcase name="loginByInvalidPassword" classname="com.testng.tests.SalesforceLoginTest" time="0.511">
    <failure message="expected:&lt;Please [check your username and password. If you still can&apos;t log in, contact your Salesforce administrator].&gt; but was:&lt;Please [enter your password].&gt;" type="junit.framework.ComparisonFailure"><![CDATA[junit.framework.ComparisonFailure: expected:<Please [check your username and password. If you still can't log in, contact your Salesforce administrator].> but was:<Please [enter your password].>
	at com.testng.tests.SalesforceLoginTest.loginByInvalidPassword(SalesforceLoginTest.java:92)
]]></failure>
    <system-out><![CDATA[*** Executed loginByForgotPassword test successfully...
*** Running test method loginByInvalidPassword...
]]></system-out>
    <system-err><![CDATA[Starting ChromeDriver 119.0.6045.105 (38c72552c5e15ba9b3117c0967a0fd105072d7c6-refs/branch-heads/6045@{#1103}) on port 40862
Only local connections are allowed.
Please see https://chromedriver.chromium.org/security-considerations for suggestions on keeping ChromeDriver safe.
ChromeDriver was started successfully.
Nov 21, 2023 11:32:18 PM org.openqa.selenium.remote.ProtocolHandshake createSession
INFO: Detected dialect: W3C
]]></system-err>
  </testcase>
</testsuite>