<?xml version="1.0" encoding="UTF-8"?>
<!-- Generated by org.testng.reporters.JUnitReportReporter -->
<testsuite hostname="LAPTOP-6I37K8RN" failures="0" tests="2" name="com.testng.tests.LoginTest" time="28.692" errors="0" timestamp="16 Nov 2023 18:42:19 GMT">
  <testcase classname="com.testng.tests.LoginTest" name="login" time="20.042"/>
  <testcase classname="com.testng.tests.LoginTest" name="logininvalid" time="8.650"/>
</testsuite> <!-- com.testng.tests.LoginTest -->
