<?xml version="1.0" encoding="UTF-8"?>
<!-- Generated by org.testng.reporters.JUnitReportReporter -->
<testsuite hostname="Ganeshs-MacBook-Pro.local" failures="0" tests="1" name="com.testng.tests.SalesforceUserMenuTest" time="49.034" errors="0" timestamp="17 Dec 2023 06:46:25 GMT">
  <testcase classname="com.testng.tests.SalesforceUserMenuTest" name="SelectMyProfileOptionFromUsermenu" time="49.034"/>
</testsuite> <!-- com.testng.tests.SalesforceUserMenuTest -->
