<?xml version="1.0" encoding="UTF-8"?>
<!-- Generated by org.testng.reporters.JUnitReportReporter -->
<testsuite hostname="Ganeshs-MacBook-Pro.local" failures="0" tests="5" name="com.testng.tests.SalesforceCreateAccountTest" time="46.295" errors="0" timestamp="26 Nov 2023 08:58:30 GMT">
  <testcase classname="com.testng.tests.SalesforceCreateAccountTest" name="CreateAccountReport" time="8.263"/>
  <testcase classname="com.testng.tests.SalesforceCreateAccountTest" name="createNewAccount" time="8.731"/>
  <testcase classname="com.testng.tests.SalesforceCreateAccountTest" name="mergeAccounts" time="8.146"/>
  <testcase classname="com.testng.tests.SalesforceCreateAccountTest" name="createNewView" time="8.770"/>
  <testcase classname="com.testng.tests.SalesforceCreateAccountTest" name="editView" time="12.385"/>
</testsuite> <!-- com.testng.tests.SalesforceCreateAccountTest -->
