<?xml version="1.0" encoding="UTF-8"?>
<!-- Generated by org.testng.reporters.JUnitReportReporter -->
<testsuite hostname="Ganeshs-MacBook-Pro.local" failures="0" tests="5" name="com.testng.tests.SalesforceOppurtunitiesTest" time="37.384" errors="0" timestamp="26 Nov 2023 08:41:01 GMT">
  <testcase classname="com.testng.tests.SalesforceOppurtunitiesTest" name="createNewOppurtunity" time="9.083"/>
  <testcase classname="com.testng.tests.SalesforceOppurtunitiesTest" name="quartSummaryReport" time="6.960"/>
  <testcase classname="com.testng.tests.SalesforceOppurtunitiesTest" name="stuckOppurtunityReport" time="6.926"/>
  <testcase classname="com.testng.tests.SalesforceOppurtunitiesTest" name="OppurtunityPipelineReport" time="6.510"/>
  <testcase classname="com.testng.tests.SalesforceOppurtunitiesTest" name="checkOppurtunityDropdown" time="7.905"/>
</testsuite> <!-- com.testng.tests.SalesforceOppurtunitiesTest -->
