<?xml version="1.0" encoding="UTF-8"?>
<!-- Generated by org.testng.reporters.JUnitReportReporter -->
<testsuite hostname="Ganeshs-MacBook-Pro.local" failures="0" tests="5" name="com.testng.tests.SalesforceLeadsTest" time="41.797" errors="0" timestamp="25 Nov 2023 22:13:03 GMT">
  <testcase classname="com.testng.tests.SalesforceLeadsTest" name="listTodaysLeads" time="7.312"/>
  <testcase classname="com.testng.tests.SalesforceLeadsTest" name="checkLeadsTab" time="7.298"/>
  <testcase classname="com.testng.tests.SalesforceLeadsTest" name="goButtonFunctionality" time="12.517"/>
  <testcase classname="com.testng.tests.SalesforceLeadsTest" name="checkNewButtonOnLeadsHome" time="8.120"/>
  <testcase classname="com.testng.tests.SalesforceLeadsTest" name="leadsSelectView" time="6.550"/>
</testsuite> <!-- com.testng.tests.SalesforceLeadsTest -->
