<?xml version="1.0" encoding="UTF-8"?>
<!-- Generated by org.testng.reporters.JUnitReportReporter -->
<testsuite hostname="Ganeshs-MacBook-Pro.local" failures="0" tests="1" name="com.testng.tests.SalesforceLoginTest" time="4.731" errors="0" timestamp="25 Nov 2023 03:33:49 GMT">
  <testcase classname="com.testng.tests.SalesforceLoginTest" name="loginerrormsg" time="4.731"/>
</testsuite> <!-- com.testng.tests.SalesforceLoginTest -->
