<?xml version="1.0" encoding="UTF-8"?>
<!-- Generated by org.testng.reporters.JUnitReportReporter -->
<testsuite hostname="Ganeshs-MacBook-Pro.local" failures="0" tests="5" name="com.testng.tests.SalesforceRandomSceneriosTest" time="61.756" errors="0" timestamp="4 Dec 2023 04:34:49 GMT">
  <testcase classname="com.testng.tests.SalesforceRandomSceneriosTest" name="verifyEditedName" time="14.469"/>
  <testcase classname="com.testng.tests.SalesforceRandomSceneriosTest" name="TabCustomization" time="16.455"/>
  <testcase classname="com.testng.tests.SalesforceRandomSceneriosTest" name="checkFirstAndLastName" time="9.144"/>
  <testcase classname="com.testng.tests.SalesforceRandomSceneriosTest" name="BlockACalendarEvent" time="10.899"/>
  <testcase classname="com.testng.tests.SalesforceRandomSceneriosTest" name="BlockACalendarEventWithRecurrence" time="10.789"/>
</testsuite> <!-- com.testng.tests.SalesforceRandomSceneriosTest -->
