<?xml version="1.0" encoding="UTF-8"?>
<!-- Generated by org.testng.reporters.JUnitReportReporter -->
<testsuite hostname="Ganeshs-MacBook-Pro.local" failures="0" tests="8" name="com.testng.tests.SalesforceContactsTest" time="64.105" errors="0" timestamp="26 Nov 2023 08:19:49 GMT">
  <testcase classname="com.testng.tests.SalesforceContactsTest" name="viewContacts" time="8.381"/>
  <testcase classname="com.testng.tests.SalesforceContactsTest" name="recentlyCreatedContact" time="6.803"/>
  <testcase classname="com.testng.tests.SalesforceContactsTest" name="myContacts" time="7.480"/>
  <testcase classname="com.testng.tests.SalesforceContactsTest" name="crreateNewContact" time="10.465"/>
  <testcase classname="com.testng.tests.SalesforceContactsTest" name="checkErrorMessage" time="7.482"/>
  <testcase classname="com.testng.tests.SalesforceContactsTest" name="checkSaveandNewButton" time="7.203"/>
  <testcase classname="com.testng.tests.SalesforceContactsTest" name="createNewViewInContact" time="9.060"/>
  <testcase classname="com.testng.tests.SalesforceContactsTest" name="checkCancelButton" time="7.231"/>
</testsuite> <!-- com.testng.tests.SalesforceContactsTest -->
